app/build/intermediates/manifest_merge_blame_file/debug/manifest-merger-blame-debug-report.txt
1<?xml version="1.0" encoding="utf-8"?>
2<manifest xmlns:android="http://schemas.android.com/apk/res/android"
3    package="com.demo.hangquynhshopdoll"
4    android:versionCode="1"
5    android:versionName="1.0" >
6
7    <uses-sdk
8        android:minSdkVersion="24"
8-->src\main\AndroidManifest.xml
9        android:targetSdkVersion="30" />
9-->src\main\AndroidManifest.xml
10
11    <uses-permission android:name="android.permission.INTERNET" />
11-->src\main\AndroidManifest.xml:5:5-67
11-->src\main\AndroidManifest.xml:5:22-64
12
13    <application
13-->src\main\AndroidManifest.xml:7:5-35:19
14        android:allowBackup="true"
14-->src\main\AndroidManifest.xml:8:9-35
15        android:appComponentFactory="androidx.core.app.CoreComponentFactory"
15-->[androidx.core:core:1.6.0] AndroidManifest.xml:24:18-86
16        android:debuggable="true"
17        android:extractNativeLibs="false"
18        android:icon="@mipmap/ic_launcher"
18-->src\main\AndroidManifest.xml:9:9-43
19        android:label="@string/app_name"
19-->src\main\AndroidManifest.xml:10:9-41
20        android:roundIcon="@mipmap/ic_launcher_round"
20-->src\main\AndroidManifest.xml:11:9-54
21        android:supportsRtl="true"
21-->src\main\AndroidManifest.xml:12:9-35
22        android:testOnly="true"
23        android:theme="@style/Theme.FoodOrderAndDeliveryAppKotlin" >
23-->src\main\AndroidManifest.xml:13:9-67
24
25        <!-- <activity -->
26        <!-- android:name="com.demo.hangquynhshopdoll.SuccessOrderActivity" -->
27        <!-- android:exported="true" /> -->
28        <!-- <activity -->
29        <!-- android:name="com.demo.hangquynhshopdoll.PlaceYourOrderActivity" -->
30        <!-- android:exported="true" /> -->
31        <activity
31-->src\main\AndroidManifest.xml:20:9-22:39
32            android:name="com.demo.hangquynhshopdoll.HDChiTietGauBong"
32-->src\main\AndroidManifest.xml:21:13-71
33            android:exported="true" />
33-->src\main\AndroidManifest.xml:22:13-36
34        <activity
34-->src\main\AndroidManifest.xml:23:9-31:20
35            android:name="com.demo.hangquynhshopdoll.SplashActivity"
35-->src\main\AndroidManifest.xml:24:13-69
36            android:exported="true" >
36-->src\main\AndroidManifest.xml:25:13-36
37            <intent-filter>
37-->src\main\AndroidManifest.xml:26:13-30:29
38                <action android:name="android.intent.action.MAIN" />
38-->src\main\AndroidManifest.xml:27:17-69
38-->src\main\AndroidManifest.xml:27:25-66
39
40                <category android:name="android.intent.category.LAUNCHER" />
40-->src\main\AndroidManifest.xml:29:17-77
40-->src\main\AndroidManifest.xml:29:27-74
41            </intent-filter>
42        </activity>
43        <activity
43-->src\main\AndroidManifest.xml:32:9-34:39
44            android:name="com.demo.hangquynhshopdoll.MainActivity"
44-->src\main\AndroidManifest.xml:33:13-67
45            android:exported="true" />
45-->src\main\AndroidManifest.xml:34:13-36
46    </application>
47
48</manifest>